

Microchip MPLAB XC8 Assembler V2.41 build 20230208172133 
                                                                                               Fri Sep 08 10:54:41 2023

Microchip MPLAB XC8 C Compiler v2.41 (Free license) build 20230208172133 Og1 
     1                           	processor	16F1939
     2                           	pagewidth 120
     3                           	opt	flic
     4                           	psect	idataCOMMON,global,class=CODE,delta=2,noexec
     5                           	psect	cinit,global,class=CODE,merge=1,delta=2
     6                           	psect	bssCOMMON,global,class=COMMON,space=1,delta=1,noexec
     7                           	psect	dataCOMMON,global,class=COMMON,space=1,delta=1,noexec
     8                           	psect	cstackCOMMON,global,class=COMMON,space=1,delta=1,noexec
     9                           	psect	maintext,global,class=CODE,merge=1,split=1,delta=2
    10                           	psect	text1,local,class=CODE,merge=1,delta=2
    11                           	psect	config,global,abs,ovrld,class=CONFIG,space=4,delta=2,noexec
    12                           	dabs	1,0x7E,2
    13     0000                     
    14                           ; Generated 06/07/2023 GMT
    15                           ; 
    16                           ; Copyright © 2023, Microchip Technology Inc. and its subsidiaries ("Microchip")
    17                           ; All rights reserved.
    18                           ; 
    19                           ; This software is developed by Microchip Technology Inc. and its subsidiaries ("Microch
      +                          ip").
    20                           ; 
    21                           ; Redistribution and use in source and binary forms, with or without modification, are
    22                           ; permitted provided that the following conditions are met:
    23                           ; 
    24                           ;     1. Redistributions of source code must retain the above copyright notice, this lis
      +                          t of
    25                           ;        conditions and the following disclaimer.
    26                           ; 
    27                           ;     2. Redistributions in binary form must reproduce the above copyright notice, this 
      +                          list
    28                           ;        of conditions and the following disclaimer in the documentation and/or other
    29                           ;        materials provided with the distribution. Publication is not required when
    30                           ;        this file is used in an embedded application.
    31                           ; 
    32                           ;     3. Microchip's name may not be used to endorse or promote products derived from th
      +                          is
    33                           ;        software without specific prior written permission.
    34                           ; 
    35                           ; THIS SOFTWARE IS PROVIDED BY MICROCHIP "AS IS" AND ANY EXPRESS OR IMPLIED WARRANTIES,
    36                           ; INCLUDING, BUT NOT LIMITED TO, THE IMPLIED WARRANTIES OF MERCHANTABILITY AND FITNESS F
      +                          OR
    37                           ; PURPOSE ARE DISCLAIMED.  IN NO EVENT SHALL MICROCHIP BE LIABLE FOR ANY DIRECT, INDIREC
      +                          T,
    38                           ; INCIDENTAL, SPECIAL, EXEMPLARY, OR CONSEQUENTIAL DAMAGES (INCLUDING BUT NOT LIMITED TO
    39                           ; PROCUREMENT OF SUBSTITUTE GOODS OR SERVICES; LOSS OF USE, DATA OR PROFITS; OR BUSINESS
    40                           ; INTERRUPTION) HOWSOEVER CAUSED AND ON ANY THEORY OF LIABILITY, WHETHER IN CONTRACT, ST
      +                          RICT
    41                           ; LIABILITY, OR TORT (INCLUDING NEGLIGENCE OR OTHERWISE) ARISING IN ANY WAY OUT OF THE U
      +                          SE OF
    42                           ; THIS SOFTWARE, EVEN IF ADVISED OF THE POSSIBILITY OF SUCH DAMAGE.
    43                           ; 
    44                           ; 
    45                           ; Code-generator required, PIC16F1939 Definitions
    46                           ; 
    47                           ; SFR Addresses
    48     0000                     	;# 
    49     0001                     	;# 
    50     0002                     	;# 
    51     0003                     	;# 
    52     0004                     	;# 
    53     0005                     	;# 
    54     0006                     	;# 
    55     0007                     	;# 
    56     0008                     	;# 
    57     0009                     	;# 
    58     000A                     	;# 
    59     000B                     	;# 
    60     000C                     	;# 
    61     000D                     	;# 
    62     000E                     	;# 
    63     000F                     	;# 
    64     0010                     	;# 
    65     0011                     	;# 
    66     0012                     	;# 
    67     0013                     	;# 
    68     0015                     	;# 
    69     0016                     	;# 
    70     0016                     	;# 
    71     0017                     	;# 
    72     0018                     	;# 
    73     0019                     	;# 
    74     001A                     	;# 
    75     001B                     	;# 
    76     001C                     	;# 
    77     001E                     	;# 
    78     001F                     	;# 
    79     008C                     	;# 
    80     008D                     	;# 
    81     008E                     	;# 
    82     008F                     	;# 
    83     0090                     	;# 
    84     0091                     	;# 
    85     0092                     	;# 
    86     0093                     	;# 
    87     0095                     	;# 
    88     0096                     	;# 
    89     0097                     	;# 
    90     0098                     	;# 
    91     0099                     	;# 
    92     009A                     	;# 
    93     009B                     	;# 
    94     009B                     	;# 
    95     009C                     	;# 
    96     009D                     	;# 
    97     009E                     	;# 
    98     010C                     	;# 
    99     010D                     	;# 
   100     010E                     	;# 
   101     010F                     	;# 
   102     0110                     	;# 
   103     0111                     	;# 
   104     0112                     	;# 
   105     0113                     	;# 
   106     0114                     	;# 
   107     0115                     	;# 
   108     0116                     	;# 
   109     0117                     	;# 
   110     0118                     	;# 
   111     0119                     	;# 
   112     011A                     	;# 
   113     011B                     	;# 
   114     011D                     	;# 
   115     018C                     	;# 
   116     018D                     	;# 
   117     018F                     	;# 
   118     0190                     	;# 
   119     0191                     	;# 
   120     0191                     	;# 
   121     0192                     	;# 
   122     0193                     	;# 
   123     0193                     	;# 
   124     0193                     	;# 
   125     0194                     	;# 
   126     0195                     	;# 
   127     0196                     	;# 
   128     0199                     	;# 
   129     019A                     	;# 
   130     019B                     	;# 
   131     019B                     	;# 
   132     019B                     	;# 
   133     019B                     	;# 
   134     019C                     	;# 
   135     019C                     	;# 
   136     019D                     	;# 
   137     019E                     	;# 
   138     019F                     	;# 
   139     020D                     	;# 
   140     0210                     	;# 
   141     0211                     	;# 
   142     0212                     	;# 
   143     0213                     	;# 
   144     0214                     	;# 
   145     0215                     	;# 
   146     0215                     	;# 
   147     0216                     	;# 
   148     0217                     	;# 
   149     0291                     	;# 
   150     0291                     	;# 
   151     0292                     	;# 
   152     0293                     	;# 
   153     0294                     	;# 
   154     0295                     	;# 
   155     0295                     	;# 
   156     0296                     	;# 
   157     0298                     	;# 
   158     0298                     	;# 
   159     0299                     	;# 
   160     029A                     	;# 
   161     029B                     	;# 
   162     029C                     	;# 
   163     029C                     	;# 
   164     029D                     	;# 
   165     029E                     	;# 
   166     029F                     	;# 
   167     0311                     	;# 
   168     0311                     	;# 
   169     0312                     	;# 
   170     0313                     	;# 
   171     0314                     	;# 
   172     0315                     	;# 
   173     0315                     	;# 
   174     0316                     	;# 
   175     0318                     	;# 
   176     0318                     	;# 
   177     0319                     	;# 
   178     031A                     	;# 
   179     031C                     	;# 
   180     031C                     	;# 
   181     031D                     	;# 
   182     031E                     	;# 
   183     0394                     	;# 
   184     0395                     	;# 
   185     0396                     	;# 
   186     0415                     	;# 
   187     0416                     	;# 
   188     0417                     	;# 
   189     041C                     	;# 
   190     041D                     	;# 
   191     041E                     	;# 
   192     0791                     	;# 
   193     0792                     	;# 
   194     0793                     	;# 
   195     0794                     	;# 
   196     0795                     	;# 
   197     0798                     	;# 
   198     0799                     	;# 
   199     079A                     	;# 
   200     07A0                     	;# 
   201     07A1                     	;# 
   202     07A2                     	;# 
   203     07A3                     	;# 
   204     07A4                     	;# 
   205     07A5                     	;# 
   206     07A6                     	;# 
   207     07A7                     	;# 
   208     07A8                     	;# 
   209     07A9                     	;# 
   210     07AA                     	;# 
   211     07AB                     	;# 
   212     0FE4                     	;# 
   213     0FE5                     	;# 
   214     0FE6                     	;# 
   215     0FE7                     	;# 
   216     0FE8                     	;# 
   217     0FE9                     	;# 
   218     0FEA                     	;# 
   219     0FEB                     	;# 
   220     0FED                     	;# 
   221     0FEE                     	;# 
   222     0FEF                     	;# 
   223     0000                     	;# 
   224     0001                     	;# 
   225     0002                     	;# 
   226     0003                     	;# 
   227     0004                     	;# 
   228     0005                     	;# 
   229     0006                     	;# 
   230     0007                     	;# 
   231     0008                     	;# 
   232     0009                     	;# 
   233     000A                     	;# 
   234     000B                     	;# 
   235     000C                     	;# 
   236     000D                     	;# 
   237     000E                     	;# 
   238     000F                     	;# 
   239     0010                     	;# 
   240     0011                     	;# 
   241     0012                     	;# 
   242     0013                     	;# 
   243     0015                     	;# 
   244     0016                     	;# 
   245     0016                     	;# 
   246     0017                     	;# 
   247     0018                     	;# 
   248     0019                     	;# 
   249     001A                     	;# 
   250     001B                     	;# 
   251     001C                     	;# 
   252     001E                     	;# 
   253     001F                     	;# 
   254     008C                     	;# 
   255     008D                     	;# 
   256     008E                     	;# 
   257     008F                     	;# 
   258     0090                     	;# 
   259     0091                     	;# 
   260     0092                     	;# 
   261     0093                     	;# 
   262     0095                     	;# 
   263     0096                     	;# 
   264     0097                     	;# 
   265     0098                     	;# 
   266     0099                     	;# 
   267     009A                     	;# 
   268     009B                     	;# 
   269     009B                     	;# 
   270     009C                     	;# 
   271     009D                     	;# 
   272     009E                     	;# 
   273     010C                     	;# 
   274     010D                     	;# 
   275     010E                     	;# 
   276     010F                     	;# 
   277     0110                     	;# 
   278     0111                     	;# 
   279     0112                     	;# 
   280     0113                     	;# 
   281     0114                     	;# 
   282     0115                     	;# 
   283     0116                     	;# 
   284     0117                     	;# 
   285     0118                     	;# 
   286     0119                     	;# 
   287     011A                     	;# 
   288     011B                     	;# 
   289     011D                     	;# 
   290     018C                     	;# 
   291     018D                     	;# 
   292     018F                     	;# 
   293     0190                     	;# 
   294     0191                     	;# 
   295     0191                     	;# 
   296     0192                     	;# 
   297     0193                     	;# 
   298     0193                     	;# 
   299     0193                     	;# 
   300     0194                     	;# 
   301     0195                     	;# 
   302     0196                     	;# 
   303     0199                     	;# 
   304     019A                     	;# 
   305     019B                     	;# 
   306     019B                     	;# 
   307     019B                     	;# 
   308     019B                     	;# 
   309     019C                     	;# 
   310     019C                     	;# 
   311     019D                     	;# 
   312     019E                     	;# 
   313     019F                     	;# 
   314     020D                     	;# 
   315     0210                     	;# 
   316     0211                     	;# 
   317     0212                     	;# 
   318     0213                     	;# 
   319     0214                     	;# 
   320     0215                     	;# 
   321     0215                     	;# 
   322     0216                     	;# 
   323     0217                     	;# 
   324     0291                     	;# 
   325     0291                     	;# 
   326     0292                     	;# 
   327     0293                     	;# 
   328     0294                     	;# 
   329     0295                     	;# 
   330     0295                     	;# 
   331     0296                     	;# 
   332     0298                     	;# 
   333     0298                     	;# 
   334     0299                     	;# 
   335     029A                     	;# 
   336     029B                     	;# 
   337     029C                     	;# 
   338     029C                     	;# 
   339     029D                     	;# 
   340     029E                     	;# 
   341     029F                     	;# 
   342     0311                     	;# 
   343     0311                     	;# 
   344     0312                     	;# 
   345     0313                     	;# 
   346     0314                     	;# 
   347     0315                     	;# 
   348     0315                     	;# 
   349     0316                     	;# 
   350     0318                     	;# 
   351     0318                     	;# 
   352     0319                     	;# 
   353     031A                     	;# 
   354     031C                     	;# 
   355     031C                     	;# 
   356     031D                     	;# 
   357     031E                     	;# 
   358     0394                     	;# 
   359     0395                     	;# 
   360     0396                     	;# 
   361     0415                     	;# 
   362     0416                     	;# 
   363     0417                     	;# 
   364     041C                     	;# 
   365     041D                     	;# 
   366     041E                     	;# 
   367     0791                     	;# 
   368     0792                     	;# 
   369     0793                     	;# 
   370     0794                     	;# 
   371     0795                     	;# 
   372     0798                     	;# 
   373     0799                     	;# 
   374     079A                     	;# 
   375     07A0                     	;# 
   376     07A1                     	;# 
   377     07A2                     	;# 
   378     07A3                     	;# 
   379     07A4                     	;# 
   380     07A5                     	;# 
   381     07A6                     	;# 
   382     07A7                     	;# 
   383     07A8                     	;# 
   384     07A9                     	;# 
   385     07AA                     	;# 
   386     07AB                     	;# 
   387     0FE4                     	;# 
   388     0FE5                     	;# 
   389     0FE6                     	;# 
   390     0FE7                     	;# 
   391     0FE8                     	;# 
   392     0FE9                     	;# 
   393     0FEA                     	;# 
   394     0FEB                     	;# 
   395     0FED                     	;# 
   396     0FEE                     	;# 
   397     0FEF                     	;# 
   398     0000                     	;# 
   399     0001                     	;# 
   400     0002                     	;# 
   401     0003                     	;# 
   402     0004                     	;# 
   403     0005                     	;# 
   404     0006                     	;# 
   405     0007                     	;# 
   406     0008                     	;# 
   407     0009                     	;# 
   408     000A                     	;# 
   409     000B                     	;# 
   410     000C                     	;# 
   411     000D                     	;# 
   412     000E                     	;# 
   413     000F                     	;# 
   414     0010                     	;# 
   415     0011                     	;# 
   416     0012                     	;# 
   417     0013                     	;# 
   418     0015                     	;# 
   419     0016                     	;# 
   420     0016                     	;# 
   421     0017                     	;# 
   422     0018                     	;# 
   423     0019                     	;# 
   424     001A                     	;# 
   425     001B                     	;# 
   426     001C                     	;# 
   427     001E                     	;# 
   428     001F                     	;# 
   429     008C                     	;# 
   430     008D                     	;# 
   431     008E                     	;# 
   432     008F                     	;# 
   433     0090                     	;# 
   434     0091                     	;# 
   435     0092                     	;# 
   436     0093                     	;# 
   437     0095                     	;# 
   438     0096                     	;# 
   439     0097                     	;# 
   440     0098                     	;# 
   441     0099                     	;# 
   442     009A                     	;# 
   443     009B                     	;# 
   444     009B                     	;# 
   445     009C                     	;# 
   446     009D                     	;# 
   447     009E                     	;# 
   448     010C                     	;# 
   449     010D                     	;# 
   450     010E                     	;# 
   451     010F                     	;# 
   452     0110                     	;# 
   453     0111                     	;# 
   454     0112                     	;# 
   455     0113                     	;# 
   456     0114                     	;# 
   457     0115                     	;# 
   458     0116                     	;# 
   459     0117                     	;# 
   460     0118                     	;# 
   461     0119                     	;# 
   462     011A                     	;# 
   463     011B                     	;# 
   464     011D                     	;# 
   465     018C                     	;# 
   466     018D                     	;# 
   467     018F                     	;# 
   468     0190                     	;# 
   469     0191                     	;# 
   470     0191                     	;# 
   471     0192                     	;# 
   472     0193                     	;# 
   473     0193                     	;# 
   474     0193                     	;# 
   475     0194                     	;# 
   476     0195                     	;# 
   477     0196                     	;# 
   478     0199                     	;# 
   479     019A                     	;# 
   480     019B                     	;# 
   481     019B                     	;# 
   482     019B                     	;# 
   483     019B                     	;# 
   484     019C                     	;# 
   485     019C                     	;# 
   486     019D                     	;# 
   487     019E                     	;# 
   488     019F                     	;# 
   489     020D                     	;# 
   490     0210                     	;# 
   491     0211                     	;# 
   492     0212                     	;# 
   493     0213                     	;# 
   494     0214                     	;# 
   495     0215                     	;# 
   496     0215                     	;# 
   497     0216                     	;# 
   498     0217                     	;# 
   499     0291                     	;# 
   500     0291                     	;# 
   501     0292                     	;# 
   502     0293                     	;# 
   503     0294                     	;# 
   504     0295                     	;# 
   505     0295                     	;# 
   506     0296                     	;# 
   507     0298                     	;# 
   508     0298                     	;# 
   509     0299                     	;# 
   510     029A                     	;# 
   511     029B                     	;# 
   512     029C                     	;# 
   513     029C                     	;# 
   514     029D                     	;# 
   515     029E                     	;# 
   516     029F                     	;# 
   517     0311                     	;# 
   518     0311                     	;# 
   519     0312                     	;# 
   520     0313                     	;# 
   521     0314                     	;# 
   522     0315                     	;# 
   523     0315                     	;# 
   524     0316                     	;# 
   525     0318                     	;# 
   526     0318                     	;# 
   527     0319                     	;# 
   528     031A                     	;# 
   529     031C                     	;# 
   530     031C                     	;# 
   531     031D                     	;# 
   532     031E                     	;# 
   533     0394                     	;# 
   534     0395                     	;# 
   535     0396                     	;# 
   536     0415                     	;# 
   537     0416                     	;# 
   538     0417                     	;# 
   539     041C                     	;# 
   540     041D                     	;# 
   541     041E                     	;# 
   542     0791                     	;# 
   543     0792                     	;# 
   544     0793                     	;# 
   545     0794                     	;# 
   546     0795                     	;# 
   547     0798                     	;# 
   548     0799                     	;# 
   549     079A                     	;# 
   550     07A0                     	;# 
   551     07A1                     	;# 
   552     07A2                     	;# 
   553     07A3                     	;# 
   554     07A4                     	;# 
   555     07A5                     	;# 
   556     07A6                     	;# 
   557     07A7                     	;# 
   558     07A8                     	;# 
   559     07A9                     	;# 
   560     07AA                     	;# 
   561     07AB                     	;# 
   562     0FE4                     	;# 
   563     0FE5                     	;# 
   564     0FE6                     	;# 
   565     0FE7                     	;# 
   566     0FE8                     	;# 
   567     0FE9                     	;# 
   568     0FEA                     	;# 
   569     0FEB                     	;# 
   570     0FED                     	;# 
   571     0FEE                     	;# 
   572     0FEF                     	;# 
   573     0000                     	;# 
   574     0001                     	;# 
   575     0002                     	;# 
   576     0003                     	;# 
   577     0004                     	;# 
   578     0005                     	;# 
   579     0006                     	;# 
   580     0007                     	;# 
   581     0008                     	;# 
   582     0009                     	;# 
   583     000A                     	;# 
   584     000B                     	;# 
   585     000C                     	;# 
   586     000D                     	;# 
   587     000E                     	;# 
   588     000F                     	;# 
   589     0010                     	;# 
   590     0011                     	;# 
   591     0012                     	;# 
   592     0013                     	;# 
   593     0015                     	;# 
   594     0016                     	;# 
   595     0016                     	;# 
   596     0017                     	;# 
   597     0018                     	;# 
   598     0019                     	;# 
   599     001A                     	;# 
   600     001B                     	;# 
   601     001C                     	;# 
   602     001E                     	;# 
   603     001F                     	;# 
   604     008C                     	;# 
   605     008D                     	;# 
   606     008E                     	;# 
   607     008F                     	;# 
   608     0090                     	;# 
   609     0091                     	;# 
   610     0092                     	;# 
   611     0093                     	;# 
   612     0095                     	;# 
   613     0096                     	;# 
   614     0097                     	;# 
   615     0098                     	;# 
   616     0099                     	;# 
   617     009A                     	;# 
   618     009B                     	;# 
   619     009B                     	;# 
   620     009C                     	;# 
   621     009D                     	;# 
   622     009E                     	;# 
   623     010C                     	;# 
   624     010D                     	;# 
   625     010E                     	;# 
   626     010F                     	;# 
   627     0110                     	;# 
   628     0111                     	;# 
   629     0112                     	;# 
   630     0113                     	;# 
   631     0114                     	;# 
   632     0115                     	;# 
   633     0116                     	;# 
   634     0117                     	;# 
   635     0118                     	;# 
   636     0119                     	;# 
   637     011A                     	;# 
   638     011B                     	;# 
   639     011D                     	;# 
   640     018C                     	;# 
   641     018D                     	;# 
   642     018F                     	;# 
   643     0190                     	;# 
   644     0191                     	;# 
   645     0191                     	;# 
   646     0192                     	;# 
   647     0193                     	;# 
   648     0193                     	;# 
   649     0193                     	;# 
   650     0194                     	;# 
   651     0195                     	;# 
   652     0196                     	;# 
   653     0199                     	;# 
   654     019A                     	;# 
   655     019B                     	;# 
   656     019B                     	;# 
   657     019B                     	;# 
   658     019B                     	;# 
   659     019C                     	;# 
   660     019C                     	;# 
   661     019D                     	;# 
   662     019E                     	;# 
   663     019F                     	;# 
   664     020D                     	;# 
   665     0210                     	;# 
   666     0211                     	;# 
   667     0212                     	;# 
   668     0213                     	;# 
   669     0214                     	;# 
   670     0215                     	;# 
   671     0215                     	;# 
   672     0216                     	;# 
   673     0217                     	;# 
   674     0291                     	;# 
   675     0291                     	;# 
   676     0292                     	;# 
   677     0293                     	;# 
   678     0294                     	;# 
   679     0295                     	;# 
   680     0295                     	;# 
   681     0296                     	;# 
   682     0298                     	;# 
   683     0298                     	;# 
   684     0299                     	;# 
   685     029A                     	;# 
   686     029B                     	;# 
   687     029C                     	;# 
   688     029C                     	;# 
   689     029D                     	;# 
   690     029E                     	;# 
   691     029F                     	;# 
   692     0311                     	;# 
   693     0311                     	;# 
   694     0312                     	;# 
   695     0313                     	;# 
   696     0314                     	;# 
   697     0315                     	;# 
   698     0315                     	;# 
   699     0316                     	;# 
   700     0318                     	;# 
   701     0318                     	;# 
   702     0319                     	;# 
   703     031A                     	;# 
   704     031C                     	;# 
   705     031C                     	;# 
   706     031D                     	;# 
   707     031E                     	;# 
   708     0394                     	;# 
   709     0395                     	;# 
   710     0396                     	;# 
   711     0415                     	;# 
   712     0416                     	;# 
   713     0417                     	;# 
   714     041C                     	;# 
   715     041D                     	;# 
   716     041E                     	;# 
   717     0791                     	;# 
   718     0792                     	;# 
   719     0793                     	;# 
   720     0794                     	;# 
   721     0795                     	;# 
   722     0798                     	;# 
   723     0799                     	;# 
   724     079A                     	;# 
   725     07A0                     	;# 
   726     07A1                     	;# 
   727     07A2                     	;# 
   728     07A3                     	;# 
   729     07A4                     	;# 
   730     07A5                     	;# 
   731     07A6                     	;# 
   732     07A7                     	;# 
   733     07A8                     	;# 
   734     07A9                     	;# 
   735     07AA                     	;# 
   736     07AB                     	;# 
   737     0FE4                     	;# 
   738     0FE5                     	;# 
   739     0FE6                     	;# 
   740     0FE7                     	;# 
   741     0FE8                     	;# 
   742     0FE9                     	;# 
   743     0FEA                     	;# 
   744     0FEB                     	;# 
   745     0FED                     	;# 
   746     0FEE                     	;# 
   747     0FEF                     	;# 
   748                           
   749                           	psect	idataCOMMON
   750     07C1                     __pidataCOMMON:
   751                           
   752                           ;initializer for _tmultiplex
   753     07C1  3405               	retlw	5
   754     000F                     _PORTD	set	15
   755     000F                     _PORTDbits	set	15
   756     000E                     _PORTCbits	set	14
   757     000D                     _PORTB	set	13
   758     000D                     _PORTBbits	set	13
   759     000C                     _PORTAbits	set	12
   760     008D                     _TRISBbits	set	141
   761     008C                     _TRISAbits	set	140
   762     008F                     _TRISD	set	143
   763     008F                     _TRISDbits	set	143
   764     008E                     _TRISCbits	set	142
   765     008C                     _TRISA	set	140
   766     008D                     _TRISB	set	141
   767     008E                     _TRISC	set	142
   768     010E                     _LATCbits	set	270
   769     010F                     _LATDbits	set	271
   770     010D                     _LATBbits	set	269
   771     010C                     _LATAbits	set	268
   772     010F                     _LATD	set	271
   773     010E                     _LATC	set	270
   774     018D                     _ANSELBbits	set	397
   775     018C                     _ANSELAbits	set	396
   776     018F                     _ANSELD	set	399
   777     018C                     _ANSELA	set	396
   778     018D                     _ANSELB	set	397
   779                           
   780                           	psect	cinit
   781     07EF                     start_initialization:	
   782                           ; #config settings
   783                           
   784     07EF                     __initialization:
   785                           
   786                           ; Initialize objects allocated to COMMON
   787     07EF  3187  27C1  3187   	fcall	__pidataCOMMON	;fetch initializer
   788     07F2  00FA               	movwf	__pdataCOMMON& (0+127)
   789                           
   790                           ; Clear objects allocated to COMMON
   791     07F3  01F0               	clrf	__pbssCOMMON& (0+127)
   792     07F4  01F1               	clrf	(__pbssCOMMON+1)& (0+127)
   793     07F5  01F2               	clrf	(__pbssCOMMON+2)& (0+127)
   794     07F6  01F3               	clrf	(__pbssCOMMON+3)& (0+127)
   795     07F7  01F4               	clrf	(__pbssCOMMON+4)& (0+127)
   796     07F8  01F5               	clrf	(__pbssCOMMON+5)& (0+127)
   797     07F9  01F6               	clrf	(__pbssCOMMON+6)& (0+127)
   798     07FA  01F7               	clrf	(__pbssCOMMON+7)& (0+127)
   799     07FB  01F8               	clrf	(__pbssCOMMON+8)& (0+127)
   800     07FC  01F9               	clrf	(__pbssCOMMON+9)& (0+127)
   801     07FD                     end_of_initialization:	
   802                           ;End of C runtime variable initialization code
   803                           
   804     07FD                     __end_of__initialization:
   805     07FD  0020               	movlb	0
   806     07FE  3187  2FD7         	ljmp	_main	;jump to C main() function
   807                           
   808                           	psect	bssCOMMON
   809     0070                     __pbssCOMMON:
   810     0070                     _residuo:
   811     0070                     	ds	1
   812     0071                     _numero:
   813     0071                     	ds	1
   814     0072                     _centena:
   815     0072                     	ds	1
   816     0073                     _decena:
   817     0073                     	ds	1
   818     0074                     _unidad:
   819     0074                     	ds	1
   820     0075                     _Nibble2:
   821     0075                     	ds	1
   822     0076                     _Nibble1:
   823     0076                     	ds	1
   824     0077                     _led:
   825     0077                     	ds	1
   826     0078                     _contador2:
   827     0078                     	ds	1
   828     0079                     _contador:
   829     0079                     	ds	1
   830                           
   831                           	psect	dataCOMMON
   832     007A                     __pdataCOMMON:
   833     007A                     _tmultiplex:
   834     007A                     	ds	1
   835                           
   836                           	psect	cstackCOMMON
   837     0000                     __pcstackCOMMON:
   838     0000                     ?_punto_3:
   839     0000                     ??_punto_3:	
   840                           ; 1 bytes @ 0x0
   841                           
   842     0000                     ?_main:	
   843                           ; 1 bytes @ 0x0
   844                           
   845     0000                     ??_main:	
   846                           ; 1 bytes @ 0x0
   847                           
   848                           
   849                           	psect	maintext
   850     07D7                     __pmaintext:	
   851                           ; 1 bytes @ 0x0
   852 ;;
   853 ;;Main: autosize = 0, tempsize = 0, incstack = 0, save=0
   854 ;;
   855 ;; *************** function _main *****************
   856 ;; Defined at:
   857 ;;		line 619 in file "main.c"
   858 ;; Parameters:    Size  Location     Type
   859 ;;		None
   860 ;; Auto vars:     Size  Location     Type
   861 ;;		None
   862 ;; Return value:  Size  Location     Type
   863 ;;                  1    wreg      void 
   864 ;; Registers used:
   865 ;;		status,2, status,0, pclath, cstack
   866 ;; Tracked objects:
   867 ;;		On entry : B1F/0
   868 ;;		On exit  : 0/0
   869 ;;		Unchanged: 0/0
   870 ;; Data sizes:     COMMON   BANK0   BANK1   BANK2   BANK3   BANK4   BANK5   BANK6   BANK7   BANK8   BANK9  BANK10  BANK1
      +1  BANK12
   871 ;;      Params:         0       0       0       0       0       0       0       0       0       0       0       0       
      +0       0
   872 ;;      Locals:         0       0       0       0       0       0       0       0       0       0       0       0       
      +0       0
   873 ;;      Temps:          0       0       0       0       0       0       0       0       0       0       0       0       
      +0       0
   874 ;;      Totals:         0       0       0       0       0       0       0       0       0       0       0       0       
      +0       0
   875 ;;Total ram usage:        0 bytes
   876 ;; Hardware stack levels required when called: 1
   877 ;; This function calls:
   878 ;;		_punto_3
   879 ;; This function is called by:
   880 ;;		Startup code after reset
   881 ;; This function uses a non-reentrant model
   882 ;;
   883                           
   884     07D7                     _main:	
   885                           ;psect for function _main
   886                           
   887     07D7                     l1216:	
   888                           ;incstack = 0
   889                           ; Regs used in _main: [status,2+status,0+pclath+cstack]
   890                           
   891                           
   892                           ;main.c: 620:     ANSELAbits.ANSA0 = 0;
   893     07D7  0023               	movlb	3	; select bank3
   894     07D8  100C               	bcf	12,0	;volatile
   895                           
   896                           ;main.c: 621:     ANSELAbits.ANSA1 = 0;
   897     07D9  108C               	bcf	12,1	;volatile
   898                           
   899                           ;main.c: 622:     ANSELBbits.ANSB0 = 0;
   900     07DA  100D               	bcf	13,0	;volatile
   901                           
   902                           ;main.c: 624:     TRISAbits.TRISA0 = 1;
   903     07DB  0021               	movlb	1	; select bank1
   904     07DC  140C               	bsf	12,0	;volatile
   905                           
   906                           ;main.c: 625:     TRISAbits.TRISA1 = 1;
   907     07DD  148C               	bsf	12,1	;volatile
   908                           
   909                           ;main.c: 626:     TRISAbits.TRISA2 = 0;
   910     07DE  110C               	bcf	12,2	;volatile
   911                           
   912                           ;main.c: 627:     TRISAbits.TRISA3 = 0;
   913     07DF  118C               	bcf	12,3	;volatile
   914                           
   915                           ;main.c: 628:     TRISBbits.TRISB0 = 1;
   916     07E0  140D               	bsf	13,0	;volatile
   917                           
   918                           ;main.c: 629:     TRISBbits.TRISB7 = 0;
   919     07E1  138D               	bcf	13,7	;volatile
   920     07E2                     l1218:
   921                           
   922                           ;main.c: 630:     TRISD = 0x00;
   923     07E2  018F               	clrf	15	;volatile
   924     07E3                     l1220:
   925                           
   926                           ;main.c: 632:     LATAbits.LATA0 = 0;
   927     07E3  0022               	movlb	2	; select bank2
   928     07E4  100C               	bcf	12,0	;volatile
   929     07E5                     l1222:
   930                           
   931                           ;main.c: 633:     LATAbits.LATA1 = 0;
   932     07E5  108C               	bcf	12,1	;volatile
   933     07E6                     l1224:
   934                           
   935                           ;main.c: 634:     LATBbits.LATB0 = 1;
   936     07E6  140D               	bsf	13,0	;volatile
   937     07E7                     l1226:
   938                           
   939                           ;main.c: 635:     LATBbits.LATB7 = 0;
   940     07E7  138D               	bcf	13,7	;volatile
   941                           
   942                           ;main.c: 636:     LATD = 0x00;
   943     07E8  018F               	clrf	15	;volatile
   944     07E9                     l1228:
   945                           
   946                           ;main.c: 641:         punto_3();
   947     07E9  3187  27C2  3187   	fcall	_punto_3
   948     07EC  2FE9               	goto	l1228
   949     07ED  3180  2802         	ljmp	start
   950     07EF                     __end_of_main:
   951                           
   952                           	psect	text1
   953     07C2                     __ptext1:	
   954 ;; *************** function _punto_3 *****************
   955 ;; Defined at:
   956 ;;		line 206 in file "main.c"
   957 ;; Parameters:    Size  Location     Type
   958 ;;		None
   959 ;; Auto vars:     Size  Location     Type
   960 ;;		None
   961 ;; Return value:  Size  Location     Type
   962 ;;                  1    wreg      void 
   963 ;; Registers used:
   964 ;;		None
   965 ;; Tracked objects:
   966 ;;		On entry : 0/0
   967 ;;		On exit  : 0/0
   968 ;;		Unchanged: 0/0
   969 ;; Data sizes:     COMMON   BANK0   BANK1   BANK2   BANK3   BANK4   BANK5   BANK6   BANK7   BANK8   BANK9  BANK10  BANK1
      +1  BANK12
   970 ;;      Params:         0       0       0       0       0       0       0       0       0       0       0       0       
      +0       0
   971 ;;      Locals:         0       0       0       0       0       0       0       0       0       0       0       0       
      +0       0
   972 ;;      Temps:          0       0       0       0       0       0       0       0       0       0       0       0       
      +0       0
   973 ;;      Totals:         0       0       0       0       0       0       0       0       0       0       0       0       
      +0       0
   974 ;;Total ram usage:        0 bytes
   975 ;; Hardware stack levels used: 1
   976 ;; This function calls:
   977 ;;		Nothing
   978 ;; This function is called by:
   979 ;;		_main
   980 ;; This function uses a non-reentrant model
   981 ;;
   982                           
   983     07C2                     _punto_3:	
   984                           ;psect for function _punto_3
   985                           
   986     07C2                     l856:	
   987                           ;incstack = 0
   988                           ; Regs used in _punto_3: []
   989                           
   990                           
   991                           ;main.c: 207:     if (PORTAbits.RA0 == 1){
   992     07C2  0020               	movlb	0	; select bank0
   993     07C3  1C0C               	btfss	12,0	;volatile
   994     07C4  2FC6               	goto	u11
   995     07C5  2FC7               	goto	u10
   996     07C6                     u11:
   997     07C6  2FCA               	goto	l116
   998     07C7                     u10:
   999     07C7                     l858:
  1000                           
  1001                           ;main.c: 208:         LATAbits.LATA2 = 1;
  1002     07C7  0022               	movlb	2	; select bank2
  1003     07C8  150C               	bsf	12,2	;volatile
  1004                           
  1005                           ;main.c: 209:     }else LATAbits.LATA2 = 0;
  1006     07C9  2FCC               	goto	l117
  1007     07CA                     l116:
  1008     07CA  0022               	movlb	2	; select bank2
  1009     07CB  110C               	bcf	12,2	;volatile
  1010     07CC                     l117:
  1011                           
  1012                           ;main.c: 210:     if (PORTAbits.RA1 == 1){
  1013     07CC  0020               	movlb	0	; select bank0
  1014     07CD  1C8C               	btfss	12,1	;volatile
  1015     07CE  2FD0               	goto	u21
  1016     07CF  2FD1               	goto	u20
  1017     07D0                     u21:
  1018     07D0  2FD4               	goto	l118
  1019     07D1                     u20:
  1020     07D1                     l860:
  1021                           
  1022                           ;main.c: 211:         LATAbits.LATA3 = 1;
  1023     07D1  0022               	movlb	2	; select bank2
  1024     07D2  158C               	bsf	12,3	;volatile
  1025                           
  1026                           ;main.c: 212:     }else LATAbits.LATA3 = 0;
  1027     07D3  2FD6               	goto	l120
  1028     07D4                     l118:
  1029     07D4  0022               	movlb	2	; select bank2
  1030     07D5  118C               	bcf	12,3	;volatile
  1031     07D6                     l120:
  1032     07D6  0008               	return
  1033     07D7                     __end_of_punto_3:
  1034     007E                     btemp	set	126	;btemp
  1035     007E                     wtemp0	set	126
  1036                           
  1037                           	psect	config
  1038                           
  1039                           ;Config register CONFIG1 @ 0x8007
  1040                           ;	Oscillator Selection
  1041                           ;	FOSC = HS, HS Oscillator, High-speed crystal/resonator connected between OSC1 and OSC2
      +                           pins
  1042                           ;	Watchdog Timer Enable
  1043                           ;	WDTE = OFF, WDT disabled
  1044                           ;	Power-up Timer Enable
  1045                           ;	PWRTE = OFF, PWRT disabled
  1046                           ;	MCLR Pin Function Select
  1047                           ;	MCLRE = ON, MCLR/VPP pin function is MCLR
  1048                           ;	Flash Program Memory Code Protection
  1049                           ;	CP = OFF, Program memory code protection is disabled
  1050                           ;	Data Memory Code Protection
  1051                           ;	CPD = OFF, Data memory code protection is disabled
  1052                           ;	Brown-out Reset Enable
  1053                           ;	BOREN = OFF, Brown-out Reset disabled
  1054                           ;	Clock Out Enable
  1055                           ;	CLKOUTEN = OFF, CLKOUT function is disabled. I/O or oscillator function on the CLKOUT 
      +                          pin
  1056                           ;	Internal/External Switchover
  1057                           ;	IESO = ON, Internal/External Switchover mode is enabled
  1058                           ;	Fail-Safe Clock Monitor Enable
  1059                           ;	FCMEN = ON, Fail-Safe Clock Monitor is enabled
  1060     8007                     	org	32775
  1061     8007  39E2               	dw	14818
  1062                           
  1063                           ;Config register CONFIG2 @ 0x8008
  1064                           ;	Flash Memory Self-Write Protection
  1065                           ;	WRT = OFF, Write protection off
  1066                           ;	Voltage Regulator Capacitor Enable
  1067                           ;	VCAPEN = OFF, All VCAP pin functionality is disabled
  1068                           ;	PLL Enable
  1069                           ;	PLLEN = OFF, 4x PLL disabled
  1070                           ;	Stack Overflow/Underflow Reset Enable
  1071                           ;	STVREN = ON, Stack Overflow or Underflow will cause a Reset
  1072                           ;	Brown-out Reset Voltage Selection
  1073                           ;	BORV = LO, Brown-out Reset Voltage (Vbor), low trip point selected.
  1074                           ;	Low-Voltage Programming Enable
  1075                           ;	LVP = OFF, High-voltage on MCLR/VPP must be used for programming
  1076     8008                     	org	32776
  1077     8008  1EFF               	dw	7935

Data Sizes:
    Strings     0
    Constant    0
    Data        1
    BSS         10
    Persistent  32
    Stack       0

Auto Spaces:
    Space          Size  Autos    Used
    COMMON           14      0      11
    BANK0            80      0       0
    BANK1            80      0       0
    BANK2            80      0       0
    BANK3            80      0       0
    BANK4            80      0       0
    BANK5            80      0       0
    BANK6            80      0       0
    BANK7            80      0       0
    BANK8            80      0       0
    BANK9            80      0       0
    BANK10           80      0       0
    BANK11           80      0       0
    BANK12           48      0       0

Pointer List with Targets:

    None.

Critical Paths under _main in COMMON

    None.

Critical Paths under _main in BANK0

    None.

Critical Paths under _main in BANK1

    None.

Critical Paths under _main in BANK2

    None.

Critical Paths under _main in BANK3

    None.

Critical Paths under _main in BANK4

    None.

Critical Paths under _main in BANK5

    None.

Critical Paths under _main in BANK6

    None.

Critical Paths under _main in BANK7

    None.

Critical Paths under _main in BANK8

    None.

Critical Paths under _main in BANK9

    None.

Critical Paths under _main in BANK10

    None.

Critical Paths under _main in BANK11

    None.

Critical Paths under _main in BANK12

    None.

Call Graph Tables:

 ---------------------------------------------------------------------------------
 (Depth) Function   	        Calls       Base Space   Used Autos Params    Refs
 ---------------------------------------------------------------------------------
 (0) _main                                                 0     0      0       0
                            _punto_3
 ---------------------------------------------------------------------------------
 (1) _punto_3                                              0     0      0       0
 ---------------------------------------------------------------------------------
 Estimated maximum stack depth 1
 ---------------------------------------------------------------------------------

 Call Graph Graphs:

 _main (ROOT)
   _punto_3

 Address spaces:
Name               Size   Autos  Total    Cost      Usage
BIGRAM             3F0      0       0       0        0.0%
EEDATA             100      0       0       0        0.0%
NULL                 0      0       0       0        0.0%
CODE                 0      0       0       0        0.0%
BITCOMMON            E      0       0       1        0.0%
BITSFR0              0      0       0       1        0.0%
SFR0                 0      0       0       1        0.0%
COMMON               E      0       B       2       78.6%
BITSFR1              0      0       0       2        0.0%
SFR1                 0      0       0       2        0.0%
BITSFR2              0      0       0       3        0.0%
SFR2                 0      0       0       3        0.0%
STACK                0      0       0       3        0.0%
BITBANK0            50      0       0       4        0.0%
BITSFR3              0      0       0       4        0.0%
SFR3                 0      0       0       4        0.0%
BANK0               50      0       0       5        0.0%
BITSFR4              0      0       0       5        0.0%
SFR4                 0      0       0       5        0.0%
BITBANK1            50      0       0       6        0.0%
BITSFR5              0      0       0       6        0.0%
SFR5                 0      0       0       6        0.0%
BANK1               50      0       0       7        0.0%
BITSFR6              0      0       0       7        0.0%
SFR6                 0      0       0       7        0.0%
BITBANK2            50      0       0       8        0.0%
BITSFR7              0      0       0       8        0.0%
SFR7                 0      0       0       8        0.0%
BANK2               50      0       0       9        0.0%
BITSFR8              0      0       0       9        0.0%
SFR8                 0      0       0       9        0.0%
BITBANK3            50      0       0      10        0.0%
BITSFR9              0      0       0      10        0.0%
SFR9                 0      0       0      10        0.0%
BANK3               50      0       0      11        0.0%
BITSFR10             0      0       0      11        0.0%
SFR10                0      0       0      11        0.0%
BITBANK4            50      0       0      12        0.0%
BITSFR11             0      0       0      12        0.0%
SFR11                0      0       0      12        0.0%
BANK4               50      0       0      13        0.0%
BITSFR12             0      0       0      13        0.0%
SFR12                0      0       0      13        0.0%
BITBANK5            50      0       0      14        0.0%
BITSFR13             0      0       0      14        0.0%
SFR13                0      0       0      14        0.0%
BANK5               50      0       0      15        0.0%
BITSFR14             0      0       0      15        0.0%
SFR14                0      0       0      15        0.0%
BITBANK6            50      0       0      16        0.0%
BITSFR15             0      0       0      16        0.0%
SFR15                0      0       0      16        0.0%
BANK6               50      0       0      17        0.0%
BITSFR16             0      0       0      17        0.0%
SFR16                0      0       0      17        0.0%
BITBANK7            50      0       0      18        0.0%
BITSFR17             0      0       0      18        0.0%
SFR17                0      0       0      18        0.0%
BANK7               50      0       0      19        0.0%
BITSFR18             0      0       0      19        0.0%
SFR18                0      0       0      19        0.0%
BITSFR19             0      0       0      20        0.0%
SFR19                0      0       0      20        0.0%
ABS                  0      0       B      20        0.0%
BITBANK8            50      0       0      21        0.0%
BITSFR20             0      0       0      21        0.0%
SFR20                0      0       0      21        0.0%
BANK8               50      0       0      22        0.0%
BITSFR21             0      0       0      22        0.0%
SFR21                0      0       0      22        0.0%
BITBANK9            50      0       0      23        0.0%
BITSFR22             0      0       0      23        0.0%
SFR22                0      0       0      23        0.0%
BANK9               50      0       0      24        0.0%
BITSFR23             0      0       0      24        0.0%
SFR23                0      0       0      24        0.0%
BITBANK10           50      0       0      25        0.0%
BITSFR24             0      0       0      25        0.0%
SFR24                0      0       0      25        0.0%
BANK10              50      0       0      26        0.0%
BITSFR25             0      0       0      26        0.0%
SFR25                0      0       0      26        0.0%
BITBANK11           50      0       0      27        0.0%
BITSFR26             0      0       0      27        0.0%
SFR26                0      0       0      27        0.0%
BANK11              50      0       0      28        0.0%
BITSFR27             0      0       0      28        0.0%
SFR27                0      0       0      28        0.0%
BITBANK12           30      0       0      29        0.0%
BITSFR28             0      0       0      29        0.0%
SFR28                0      0       0      29        0.0%
BANK12              30      0       0      30        0.0%
BITSFR29             0      0       0      30        0.0%
SFR29                0      0       0      30        0.0%
BITSFR30             0      0       0      31        0.0%
SFR30                0      0       0      31        0.0%
DATA                 0      0       B      31        0.0%
BITSFR31             0      0       0      32        0.0%
SFR31                0      0       0      32        0.0%


Microchip Technology PIC Macro Assembler V2.41 build 20230208172133 
Symbol Table                                                                                   Fri Sep 08 10:54:41 2023

                     u10 07C7                       u11 07C6                       u20 07D1  
                     u21 07D0                      l120 07D6                      l116 07CA  
                    l117 07CC                      l118 07D4                      l860 07D1  
                    l856 07C2                      l858 07C7                      _led 0077  
                   l1220 07E3                     l1222 07E5                     l1224 07E6  
                   l1216 07D7                     l1226 07E7                     l1218 07E2  
                   l1228 07E9                     _LATC 010E                     _LATD 010F  
                   _main 07D7                     btemp 007E                     start 0002  
                  ?_main 0000                    _PORTB 000D                    _PORTD 000F  
                  _TRISA 008C                    _TRISB 008D                    _TRISC 008E  
                  _TRISD 008F          __end_of_punto_3 07D7                    wtemp0 007E  
        __initialization 07EF             __end_of_main 07EF                   ??_main 0000  
                 _ANSELA 018C                   _ANSELB 018D                   _ANSELD 018F  
                 _decena 0073                   _numero 0071                   _unidad 0074  
           __pdataCOMMON 007A                ??_punto_3 0000  __end_of__initialization 07FD  
         __pcstackCOMMON 0000               __pmaintext 07D7                  _Nibble1 0076  
                _Nibble2 0075                  _centena 0072                  __ptext1 07C2  
                _residuo 0070                  _punto_3 07C2     end_of_initialization 07FD  
              _PORTAbits 000C                _PORTBbits 000D                _PORTCbits 000E  
              _PORTDbits 000F                _TRISAbits 008C                _TRISBbits 008D  
              _TRISCbits 008E                _TRISDbits 008F               _tmultiplex 007A  
          __pidataCOMMON 07C1      start_initialization 07EF              __pbssCOMMON 0070  
              ___latbits 0003                _contador2 0078                 ?_punto_3 0000  
               _LATAbits 010C                 _LATBbits 010D                 _LATCbits 010E  
               _LATDbits 010F               _ANSELAbits 018C               _ANSELBbits 018D  
               _contador 0079  
